This is pdfTeXk, Version 3.141592-1.40.3 (Web2C 7.5.6) (format=pdflatex 2015.11.14)  25 OCT 2016 14:19
entering extended mode
 %&-line parsing enabled.
**notes.tex
(./notes.tex
LaTeX2e <2005/12/01>
Babel <v3.8h> and hyphenation patterns for english, usenglishmax, dumylang, noh
yphenation, arabic, basque, bulgarian, coptic, welsh, czech, slovak, german, ng
erman, danish, esperanto, spanish, catalan, galician, estonian, farsi, finnish,
 french, greek, monogreek, ancientgreek, croatian, hungarian, interlingua, ibyc
us, indonesian, icelandic, italian, latin, mongolian, dutch, norsk, polish, por
tuguese, pinyin, romanian, russian, slovenian, uppersorbian, serbian, swedish, 
turkish, ukenglish, ukrainian, loaded.
(/usr/share/texmf/tex/latex/base/article.cls
Document Class: article 2005/09/16 v1.4f Standard LaTeX document class
(/usr/share/texmf/tex/latex/base/size10.clo
File: size10.clo 2005/09/16 v1.4f Standard LaTeX file (size option)
)
\c@part=\count79
\c@section=\count80
\c@subsection=\count81
\c@subsubsection=\count82
\c@paragraph=\count83
\c@subparagraph=\count84
\c@figure=\count85
\c@table=\count86
\abovecaptionskip=\skip41
\belowcaptionskip=\skip42
\bibindent=\dimen102
)
(/usr/share/texmf/tex/latex/geometry/geometry.sty
Package: geometry 2002/07/08 v3.2 Page Geometry

(/usr/share/texmf/tex/latex/graphics/keyval.sty
Package: keyval 1999/03/16 v1.13 key=value parser (DPC)
\KV@toks@=\toks14
)
\Gm@cnth=\count87
\Gm@cntv=\count88
\c@Gm@tempcnt=\count89
\Gm@bindingoffset=\dimen103
\Gm@wd@mp=\dimen104
\Gm@odd@mp=\dimen105
\Gm@even@mp=\dimen106
\Gm@dimlist=\toks15
)
(/usr/share/texmf/tex/latex/hyperref/hyperref.sty
Package: hyperref 2007/02/07 v6.75r Hypertext links for LaTeX
\@linkdim=\dimen107
\Hy@linkcounter=\count90
\Hy@pagecounter=\count91

(/usr/share/texmf/tex/latex/hyperref/pd1enc.def
File: pd1enc.def 2007/02/07 v6.75r Hyperref: PDFDocEncoding definition (HO)
)
(/usr/share/texmf/tex/latex/config/hyperref.cfg
File: hyperref.cfg 2002/06/06 v1.2 hyperref configuration of TeXLive
)
(/usr/share/texmf/tex/latex/oberdiek/kvoptions.sty
Package: kvoptions 2006/08/22 v2.4 Connects package keyval with LaTeX options (
HO)
)
Package hyperref Info: Hyper figures OFF on input line 2288.
Package hyperref Info: Link nesting OFF on input line 2293.
Package hyperref Info: Hyper index ON on input line 2296.
Package hyperref Info: Plain pages OFF on input line 2303.
Package hyperref Info: Backreferencing OFF on input line 2308.

Implicit mode ON; LaTeX internals redefined
Package hyperref Info: Bookmarks ON on input line 2444.
(/usr/share/texmf/tex/latex/ltxmisc/url.sty
\Urlmuskip=\muskip10
Package: url 2005/06/27  ver 3.2  Verb mode for urls, etc.
)
LaTeX Info: Redefining \url on input line 2599.
\Fld@menulength=\count92
\Field@Width=\dimen108
\Fld@charsize=\dimen109
\Choice@toks=\toks16
\Field@toks=\toks17
Package hyperref Info: Hyper figures OFF on input line 3102.
Package hyperref Info: Link nesting OFF on input line 3107.
Package hyperref Info: Hyper index ON on input line 3110.
Package hyperref Info: backreferencing OFF on input line 3117.
Package hyperref Info: Link coloring OFF on input line 3122.
\Hy@abspage=\count93
\c@Item=\count94
\c@Hfootnote=\count95
)
*hyperref using default driver hpdftex*
(/usr/share/texmf/tex/latex/hyperref/hpdftex.def
File: hpdftex.def 2007/02/07 v6.75r Hyperref driver for pdfTeX
\Fld@listcount=\count96
)
(/usr/share/texmf/tex/latex/ltxmisc/framed.sty
Package: framed 2003/07/21 v 0.8a: framed or shaded text with page breaks
\FrameRule=\dimen110
\FrameSep=\dimen111
)
(/usr/share/texmf/tex/latex/amsmath/amsmath.sty
Package: amsmath 2000/07/18 v2.13 AMS math features
\@mathmargin=\skip43

For additional information on amsmath, use the `?' option.
(/usr/share/texmf/tex/latex/amsmath/amstext.sty
Package: amstext 2000/06/29 v2.01

(/usr/share/texmf/tex/latex/amsmath/amsgen.sty
File: amsgen.sty 1999/11/30 v2.0
\@emptytoks=\toks18
\ex@=\dimen112
))
(/usr/share/texmf/tex/latex/amsmath/amsbsy.sty
Package: amsbsy 1999/11/29 v1.2d
\pmbraise@=\dimen113
)
(/usr/share/texmf/tex/latex/amsmath/amsopn.sty
Package: amsopn 1999/12/14 v2.01 operator names
)
\inf@bad=\count97
LaTeX Info: Redefining \frac on input line 211.
\uproot@=\count98
\leftroot@=\count99
LaTeX Info: Redefining \overline on input line 307.
\classnum@=\count100
\DOTSCASE@=\count101
LaTeX Info: Redefining \ldots on input line 379.
LaTeX Info: Redefining \dots on input line 382.
LaTeX Info: Redefining \cdots on input line 467.
\Mathstrutbox@=\box26
\strutbox@=\box27
\big@size=\dimen114
LaTeX Font Info:    Redeclaring font encoding OML on input line 567.
LaTeX Font Info:    Redeclaring font encoding OMS on input line 568.
\macc@depth=\count102
\c@MaxMatrixCols=\count103
\dotsspace@=\muskip11
\c@parentequation=\count104
\dspbrk@lvl=\count105
\tag@help=\toks19
\row@=\count106
\column@=\count107
\maxfields@=\count108
\andhelp@=\toks20
\eqnshift@=\dimen115
\alignsep@=\dimen116
\tagshift@=\dimen117
\tagwidth@=\dimen118
\totwidth@=\dimen119
\lineht@=\dimen120
\@envbody=\toks21
\multlinegap=\skip44
\multlinetaggap=\skip45
\mathdisplay@stack=\toks22
LaTeX Info: Redefining \[ on input line 2666.
LaTeX Info: Redefining \] on input line 2667.
)
(/usr/share/texmf/tex/latex/amsfonts/amssymb.sty
Package: amssymb 2002/01/22 v2.2d

(/usr/share/texmf/tex/latex/amsfonts/amsfonts.sty
Package: amsfonts 2001/10/25 v2.2f
\symAMSa=\mathgroup4
\symAMSb=\mathgroup5
LaTeX Font Info:    Overwriting math alphabet `\mathfrak' in version `bold'
(Font)                  U/euf/m/n --> U/euf/b/n on input line 132.
))
(/usr/share/texmf/tex/latex/marvosym/marvosym.sty
Package: marvosym 2006/05/11 v2.1 Martin Vogel's Symbols font definitions
)
(/usr/share/texmf/tex/latex/graphics/graphicx.sty
Package: graphicx 1999/02/16 v1.0f Enhanced LaTeX Graphics (DPC,SPQR)

(/usr/share/texmf/tex/latex/graphics/graphics.sty
Package: graphics 2006/02/20 v1.0o Standard LaTeX Graphics (DPC,SPQR)

(/usr/share/texmf/tex/latex/graphics/trig.sty
Package: trig 1999/03/16 v1.09 sin cos tan (DPC)
)
(/usr/share/texmf/tex/latex/config/graphics.cfg
File: graphics.cfg 2007/01/18 v1.5 graphics configuration of teTeX/TeXLive
)
Package graphics Info: Driver file: pdftex.def on input line 90.

(/usr/share/texmf/tex/latex/pdftex-def/pdftex.def
File: pdftex.def 2007/01/08 v0.04d Graphics/color for pdfTeX
\Gread@gobject=\count109
))
\Gin@req@height=\dimen121
\Gin@req@width=\dimen122
)

! LaTeX Error: File `tcolorbox.sty' not found.

Type X to quit or <RETURN> to proceed,
or enter new name. (Default extension: sty)

Enter file name: q

! LaTeX Error: File `q.sty' not found.

Type X to quit or <RETURN> to proceed,
or enter new name. (Default extension: sty)

Enter file name: q

! LaTeX Error: File `q.sty' not found.

Type X to quit or <RETURN> to proceed,
or enter new name. (Default extension: sty)

Enter file name: 
(/usr/share/texmf/tex/latex/lipsum/lipsum.sty
Package: lipsum 2005/01/26 v1.0 150 paragraphs of Lorem Ipsum dummy text
File: lipsum.dtx 2005/01/26 v1.0 150 paragraphs of Lorem Ipsum dummy text
\c@lips@count=\count110
)
(/usr/share/texmf/tex/latex/enumitem/enumitem.sty
Package: enumitem 2005/05/12 v1.1 Customized lists
\labelindent=\skip46
\enit@outerparindent=\dimen123
)
(/usr/share/texmf/tex/latex/xcolor/xcolor.sty
Package: xcolor 2007/01/21 v2.11 LaTeX color extensions (UK)

(/usr/share/texmf/tex/latex/config/color.cfg
File: color.cfg 2007/01/18 v1.5 color configuration of teTeX/TeXLive
)
Package xcolor Info: Driver file: pdftex.def on input line 225.
Package xcolor Info: Model `cmy' substituted by `cmy0' on input line 1337.
Package xcolor Info: Model `hsb' substituted by `rgb' on input line 1341.
Package xcolor Info: Model `RGB' extended on input line 1353.
Package xcolor Info: Model `HTML' substituted by `rgb' on input line 1355.
Package xcolor Info: Model `Hsb' substituted by `hsb' on input line 1356.
Package xcolor Info: Model `tHsb' substituted by `hsb' on input line 1357.
Package xcolor Info: Model `HSB' substituted by `hsb' on input line 1358.
Package xcolor Info: Model `Gray' substituted by `gray' on input line 1359.
Package xcolor Info: Model `wave' substituted by `hsb' on input line 1360.
)
(/usr/share/texmf/tex/latex/ragged2e/ragged2e.sty
Package: ragged2e 2003/03/25 v2.04 ragged2e Package (MS)

(/usr/share/texmf/tex/latex/everysel/everysel.sty
Package: everysel 1999/06/08 v1.03 EverySelectfont Package (MS)
)
\CenteringLeftskip=\skip47
\RaggedLeftLeftskip=\skip48
\RaggedRightLeftskip=\skip49
\CenteringRightskip=\skip50
\RaggedLeftRightskip=\skip51
\RaggedRightRightskip=\skip52
\CenteringParfillskip=\skip53
\RaggedLeftParfillskip=\skip54
\RaggedRightParfillskip=\skip55
\JustifyingParfillskip=\skip56
\CenteringParindent=\skip57
\RaggedLeftParindent=\skip58
\RaggedRightParindent=\skip59
\JustifyingParindent=\skip60
)
(/usr/share/texmf/tex/latex/psnfss/mathpazo.sty
Package: mathpazo 2005/04/12 PSNFSS-v9.2a Palatino w/ Pazo Math (D.Puga, WaS) 
\symupright=\mathgroup6
)
(/usr/share/texmf/tex/latex/fancyhdr/fancyhdr.sty
\fancy@headwidth=\skip61
\f@ncyO@elh=\skip62
\f@ncyO@erh=\skip63
\f@ncyO@olh=\skip64
\f@ncyO@orh=\skip65
\f@ncyO@elf=\skip66
\f@ncyO@erf=\skip67
\f@ncyO@olf=\skip68
\f@ncyO@orf=\skip69
)
(/usr/share/texmf/tex/latex/footmisc/footmisc.sty
Package: footmisc 2005/03/17 v5.3d a miscellany of footnote facilities
\FN@temptoken=\toks23
\footnotemargin=\dimen124


LaTeX Warning: Command \@footnotetext  has changed.
               Check if current package is valid.

\c@pp@next@reset=\count111
Package footmisc Info: Declaring symbol style bringhurst on input line 817.
Package footmisc Info: Declaring symbol style chicago on input line 818.
Package footmisc Info: Declaring symbol style wiley on input line 819.
Package footmisc Info: Declaring symbol style lamport-robust on input line 823.

Package footmisc Info: Declaring symbol style lamport* on input line 831.
Package footmisc Info: Declaring symbol style lamport*-robust on input line 840
.
) (/usr/share/texmf/tex/latex/bigfoot/perpage.sty
Package: perpage 2006/07/15 1.12 Reset/sort counters per page
\c@abspage=\count112
)
\c@pp@a@footnote=\count113

(/usr/share/texmf/tex/latex/pgf/frontendlayer/tikz.sty
(/usr/share/texmf/tex/latex/pgf/basiclayer/pgf.sty
(/usr/share/texmf/tex/latex/pgf/utilities/pgfrcs.sty
(/usr/share/texmf/tex/generic/pgf/utilities/pgfutil-common.tex)
(/usr/share/texmf/tex/generic/pgf/utilities/pgfutil-latex.def)
(/usr/share/texmf/tex/generic/pgf/utilities/pgfrcs.code.tex
Package: pgfrcs 2006/10/26 v1.10 (rcs-revision 1.14)
))
Package: pgf 2006/10/11 v1.10 (rcs-revision 1.7)

(/usr/share/texmf/tex/latex/pgf/basiclayer/pgfcore.sty
(/usr/share/texmf/tex/latex/pgf/systemlayer/pgfsys.sty
(/usr/share/texmf/tex/generic/pgf/systemlayer/pgfsys.code.tex
Package: pgfsys 2006/10/16 v1.10 (rcs-revision 1.19)
\pgf@x=\dimen125
\pgf@y=\dimen126
\pgf@xa=\dimen127
\pgf@ya=\dimen128
\pgf@xb=\dimen129
\pgf@yb=\dimen130
\pgf@xc=\dimen131
\pgf@yc=\dimen132

(/usr/share/texmf/tex/generic/pgf/systemlayer/pgf.cfg
File: pgf.cfg 2006/10/11  (rcs-revision 1.2)
)
Package pgfsys Info: Driver file for pgf: pgfsys-pdftex.def on input line 845.

(/usr/share/texmf/tex/generic/pgf/systemlayer/pgfsys-pdftex.def
File: pgfsys-pdftex.def 2006/10/23  (rcs-revision 1.14)

(/usr/share/texmf/tex/generic/pgf/systemlayer/pgfsys-common-pdf.def
File: pgfsys-common-pdf.def 2006/10/16  (rcs-revision 1.7)
)))
(/usr/share/texmf/tex/generic/pgf/systemlayer/pgfsyssoftpath.code.tex
File: pgfsyssoftpath.code.tex 2006/10/16  (rcs-revision 1.4)
)
(/usr/share/texmf/tex/generic/pgf/systemlayer/pgfsysprotocol.code.tex
File: pgfsysprotocol.code.tex 2006/10/16  (rcs-revision 1.4)
))
(/usr/share/texmf/tex/generic/pgf/basiclayer/pgfcore.code.tex
Package: pgfcore 2006/10/11 v1.10 (rcs-revision 1.4)

(/usr/share/texmf/tex/generic/pgf/basiclayer/pgfcoremath.code.tex
File: pgfcoremath.code.tex 2006/10/15  (rcs-revision 1.3)
\c@pgf@counta=\count114
\c@pgf@countb=\count115
\c@pgf@countc=\count116
\c@pgf@countd=\count117
)
(/usr/share/texmf/tex/generic/pgf/basiclayer/pgfcorepoints.code.tex
File: pgfcorepoints.code.tex 2006/10/16  (rcs-revision 1.7)
\pgf@picminx=\dimen133
\pgf@picmaxx=\dimen134
\pgf@picminy=\dimen135
\pgf@picmaxy=\dimen136
\pgf@pathminx=\dimen137
\pgf@pathmaxx=\dimen138
\pgf@pathminy=\dimen139
\pgf@pathmaxy=\dimen140
\pgf@tempdim=\dimen141
\c@pgf@tempcount=\count118
\pgf@xx=\dimen142
\pgf@xy=\dimen143
\pgf@yx=\dimen144
\pgf@yy=\dimen145
\pgf@zx=\dimen146
\pgf@zy=\dimen147
)
(/usr/share/texmf/tex/generic/pgf/basiclayer/pgfcorepathconstruct.code.tex
File: pgfcorepathconstruct.code.tex 2006/10/16  (rcs-revision 1.6)
\pgf@path@lastx=\dimen148
\pgf@path@lasty=\dimen149
)
(/usr/share/texmf/tex/generic/pgf/basiclayer/pgfcorepathusage.code.tex
File: pgfcorepathusage.code.tex 2006/10/16  (rcs-revision 1.7)
\pgf@shorten@end@additional=\dimen150
\pgf@shorten@start@additional=\dimen151
)
(/usr/share/texmf/tex/generic/pgf/basiclayer/pgfcorescopes.code.tex
File: pgfcorescopes.code.tex 2006/10/23  (rcs-revision 1.20)
\pgfpic=\box28
\pgf@hbox=\box29
\pgf@layerbox@main=\box30
\pgf@picture@serial@count=\count119
)
(/usr/share/texmf/tex/generic/pgf/basiclayer/pgfcoregraphicstate.code.tex
File: pgfcoregraphicstate.code.tex 2006/10/16  (rcs-revision 1.6)
\pgflinewidth=\dimen152
)
(/usr/share/texmf/tex/generic/pgf/basiclayer/pgfcoretransformations.code.tex
File: pgfcoretransformations.code.tex 2006/10/11  (rcs-revision 1.4)
\pgf@pt@x=\dimen153
\pgf@pt@y=\dimen154
\pgf@pt@temp=\dimen155
)
(/usr/share/texmf/tex/generic/pgf/basiclayer/pgfcorequick.code.tex
File: pgfcorequick.code.tex 2006/10/11  (rcs-revision 1.2)
)
(/usr/share/texmf/tex/generic/pgf/basiclayer/pgfcoreobjects.code.tex
File: pgfcoreobjects.code.tex 2006/10/11  (rcs-revision 1.2)
)
(/usr/share/texmf/tex/generic/pgf/basiclayer/pgfcorepathprocessing.code.tex
File: pgfcorepathprocessing.code.tex 2006/10/16  (rcs-revision 1.5)
)
(/usr/share/texmf/tex/generic/pgf/basiclayer/pgfcorearrows.code.tex
File: pgfcorearrows.code.tex 2006/10/16  (rcs-revision 1.6)
)
(/usr/share/texmf/tex/generic/pgf/basiclayer/pgfcoreshade.code.tex
File: pgfcoreshade.code.tex 2006/10/16  (rcs-revision 1.7)
\pgf@max=\dimen156
\pgf@sys@shading@range@num=\count120
)))
(/usr/share/texmf/tex/latex/pgf/basiclayer/pgfbaseshapes.sty
(/usr/share/texmf/tex/generic/pgf/basiclayer/pgfbaseshapes.code.tex
Package: pgfbaseshapes 2006/10/16 v1.10 (rcs-revision 1.16)
\pgfnodeparttextbox=\box31
))
(/usr/share/texmf/tex/latex/pgf/basiclayer/pgfbaseplot.sty
(/usr/share/texmf/tex/generic/pgf/basiclayer/pgfbaseplot.code.tex
Package: pgfbaseplot 2006/10/16 v1.10 (rcs-revision 1.5)
\pgf@plotwrite=\write3
))
(/usr/share/texmf/tex/latex/pgf/basiclayer/pgfbaseimage.sty
(/usr/share/texmf/tex/generic/pgf/basiclayer/pgfbaseimage.code.tex
Package: pgfbaseimage 2006/10/16 v1.10 (rcs-revision 1.5)
))
(/usr/share/texmf/tex/latex/pgf/basiclayer/pgfbaselayers.sty
(/usr/share/texmf/tex/generic/pgf/basiclayer/pgfbaselayers.code.tex
Package: pgfbaselayers 2006/10/16 v1.10 (rcs-revision 1.5)
))
(/usr/share/texmf/tex/latex/pgf/basiclayer/pgfbasesnakes.sty
(/usr/share/texmf/tex/generic/pgf/basiclayer/pgfbasesnakes.code.tex
Package: pgfbasesnakes 2006/10/16 v1.10 (rcs-revision 1.10)
\pgfsnakeremainingdistance=\dimen157
\pgfsnakecompleteddistance=\dimen158
))
(/usr/share/texmf/tex/latex/pgf/basiclayer/pgfbasepatterns.sty
(/usr/share/texmf/tex/generic/pgf/basiclayer/pgfbasepatterns.code.tex
Package: pgfbasepatterns 2006/10/16 v1.10 (rcs-revision 1.9)
))
(/usr/share/texmf/tex/latex/pgf/compatibility/pgfcomp-version-0-65.sty
Package: pgfcomp-version-0-65 2006/10/11 v1.10 (rcs-revision 1.4)
\pgf@nodesepstart=\dimen159
\pgf@nodesepend=\dimen160
))
(/usr/share/texmf/tex/latex/tools/calc.sty
Package: calc 2005/08/06 v4.2 Infix arithmetic (KKT,FJ)
\calc@Acount=\count121
\calc@Bcount=\count122
\calc@Adimen=\dimen161
\calc@Bdimen=\dimen162
\calc@Askip=\skip70
\calc@Bskip=\skip71
LaTeX Info: Redefining \setlength on input line 75.
LaTeX Info: Redefining \addtolength on input line 76.
\calc@Ccount=\count123
\calc@Cskip=\skip72
)
(/usr/share/texmf/tex/latex/pgf/utilities/pgffor.sty
(/usr/share/texmf/tex/generic/pgf/utilities/pgffor.code.tex
Package: pgffor 2006/10/16 v1.10 (rcs-revision 1.5)
\pgffor@iter=\dimen163
\pgffor@skip=\dimen164
))
(/usr/share/texmf/tex/latex/xkeyval/xkeyval.sty
Package: xkeyval 2006/11/18 v2.5f package option processing (HA)

(/usr/share/texmf/tex/latex/xkeyval/xkeyval.tex
\XKV@toks=\toks24
\XKV@depth=\count124
File: xkeyval.tex 2006/11/18 v2.5f key=value parser (HA)
))
(/usr/share/texmf/tex/generic/pgf/frontendlayer/tikz.code.tex
Package: tikz 2006/10/17 v1.10 (rcs-revision 1.68)

(/usr/share/texmf/tex/generic/pgf/libraries/pgflibraryplothandlers.code.tex
File: pgflibraryplothandlers.code.tex 2006/10/16 v1.10 (rcs-revision 1.8)
\pgf@plot@mark@count=\count125
\pgfplotmarksize=\dimen165
)
\tikz@lastx=\dimen166
\tikz@lasty=\dimen167
\tikz@lastxsaved=\dimen168
\tikz@lastysaved=\dimen169
\tikzleveldistance=\dimen170
\tikzsiblingdistance=\dimen171
\tikz@figbox=\box32
\tikz@tempbox=\box33
\tikztreelevel=\count126
\tikznumberofchildren=\count127
\tikznumberofcurrentchild=\count128
\tikz@fig@count=\count129
\tikz@expandcount=\count130

(/usr/share/texmf/tex/generic/pgf/libraries/pgflibrarytikztopaths.code.tex
File: pgflibrarytikztopaths.code.tex 2006/10/16 v1.10 (rcs-revision 1.5)
)))
(/usr/share/texmf/tex/generic/pgf/libraries/pgflibrarytikzbackgrounds.code.tex
File: pgflibrarytikzbackgrounds.code.tex 2006/10/11 v1.10 (rcs-revision 1.3)
\pgf@layerbox@background=\box34
\pgf@layerboxsaved@background=\box35
)
! I can't find file `pgflibrarytikz'.
\pgf@temp -> 
             shapes.misc
l.52 ...}\usetikzlibrary{backgrounds, shapes.misc}
                                                  
(Press Enter to retry, or Control-D to exit)
Please type another input file name: q
(/usr/share/texmf/tex/latex/tools/q.tex File ignored
)

! LaTeX Error: Missing \begin{document}.

See the LaTeX manual or LaTeX Companion for explanation.
Type  H <return>  for immediate help.
 ...                                              
                                                  
l.52 ...}\usetikzlibrary{backgrounds, shapes.misc}
                                                  
You're in trouble here.  Try typing  <return>  to proceed.
If that doesn't work, type  X <return>  to quit.

(/usr/share/texmf/tex/latex/titlesec/titlesec.sty
Package: titlesec 2005/01/22 v2.6 Sectioning titles
\ttl@box=\box36
\beforetitleunit=\skip73
\aftertitleunit=\skip74
\ttl@plus=\dimen172
\ttl@minus=\dimen173
\titlewidth=\dimen174
\titlewidthlast=\dimen175
\titlewidthfirst=\dimen176
)
! Missing number, treated as zero.
<to be read again> 
                   i
l.92 \setlist[itemize]
                      {noitemsep, topsep=0ex}
A number should have been here; I inserted `0'.
(If you can't figure out why I needed to see a number,
look up `weird error' in the index to The TeXbook.)

! Missing number, treated as zero.
<to be read again> 
                   i
l.93 \setlist[itemize, 1]
                         {label=$\vcenter{\hbox{\footnotesize$\bullet$}}$}
A number should have been here; I inserted `0'.
(If you can't figure out why I needed to see a number,
look up `weird error' in the index to The TeXbook.)

! Missing number, treated as zero.
<to be read again> 
                   i
l.94 \setlist[itemize, 2]
                         {label=$\vcenter{\hbox{\footnotesize$\circ$}}$}
A number should have been here; I inserted `0'.
(If you can't figure out why I needed to see a number,
look up `weird error' in the index to The TeXbook.)

! Missing number, treated as zero.
<to be read again> 
                   e
l.97 \setlist[enumerate]
                        {noitemsep}
A number should have been here; I inserted `0'.
(If you can't figure out why I needed to see a number,
look up `weird error' in the index to The TeXbook.)

! Missing number, treated as zero.
<to be read again> 
                   d
l.98 \setlist[description]
                          {noitemsep}
A number should have been here; I inserted `0'.
(If you can't figure out why I needed to see a number,
look up `weird error' in the index to The TeXbook.)

Package hyperref Info: Option `colorlinks' set `true' on input line 109.
(./notes.aux)
\openout1 = `notes.aux'.

LaTeX Font Info:    Checking defaults for OML/cmm/m/it on input line 115.
LaTeX Font Info:    ... okay on input line 115.
LaTeX Font Info:    Checking defaults for T1/cmr/m/n on input line 115.
LaTeX Font Info:    ... okay on input line 115.
LaTeX Font Info:    Checking defaults for OT1/cmr/m/n on input line 115.
LaTeX Font Info:    ... okay on input line 115.
LaTeX Font Info:    Checking defaults for OMS/cmsy/m/n on input line 115.
LaTeX Font Info:    ... okay on input line 115.
LaTeX Font Info:    Checking defaults for OMX/cmex/m/n on input line 115.
LaTeX Font Info:    ... okay on input line 115.
LaTeX Font Info:    Checking defaults for U/cmr/m/n on input line 115.
LaTeX Font Info:    ... okay on input line 115.
LaTeX Font Info:    Checking defaults for PD1/pdf/m/n on input line 115.
LaTeX Font Info:    ... okay on input line 115.
-------------------- Geometry parameters
paper: class default
landscape: --
twocolumn: --
twoside: --
asymmetric: --
h-parts: 108.405pt, 397.485pt, 108.405pt
v-parts: 108.405pt, 578.15999pt, 108.405pt
hmarginratio: --
vmarginratio: --
lines: --
heightrounded: --
bindingoffset: 0.0pt
truedimen: --
includehead: --
includefoot: --
includemp: --
driver: pdftex
-------------------- Page layout dimensions and switches
\paperwidth  614.295pt
\paperheight 794.96999pt
\textwidth  397.485pt
\textheight 578.15999pt
\oddsidemargin  36.13501pt
\evensidemargin 36.13501pt
\topmargin  -0.86499pt
\headheight 12.0pt
\headsep    25.0pt
\footskip   30.0pt
\marginparwidth 65.0pt
\marginparsep   11.0pt
\columnsep  10.0pt
\skip\footins  9.0pt plus 4.0pt minus 2.0pt
\hoffset 0.0pt
\voffset 0.0pt
\mag 1000

(1in=72.27pt, 1cm=28.45pt)
-----------------------
Package hyperref Info: Link coloring ON on input line 115.
(/usr/share/texmf/tex/latex/hyperref/nameref.sty
Package: nameref 2006/12/27 v2.28 Cross-referencing by name of section
(/usr/share/texmf/tex/latex/oberdiek/refcount.sty
Package: refcount 2006/02/20 v3.0 Data extraction from references (HO)
)
\c@section@level=\count131
)
LaTeX Info: Redefining \ref on input line 115.
LaTeX Info: Redefining \pageref on input line 115.
(./notes.out) (./notes.out)
\@outlinefile=\write4
\openout4 = `notes.out'.

LaTeX Info: Redefining \selectfont on input line 115.

LaTeX Font Warning: Font shape `OT1/cmss/m/n' in size <16> not available
(Font)              size <17.28> substituted on input line 117.


LaTeX Font Warning: Font shape `OT1/cmss/bx/n' in size <16> not available
(Font)              size <17.28> substituted on input line 117.

(./notes.toc
LaTeX Font Info:    Try loading font information for OT1+ppl on input line 2.
(/usr/share/texmf/tex/latex/psnfss/ot1ppl.fd
File: ot1ppl.fd 2001/06/04 font definitions for OT1/ppl.
)
LaTeX Font Info:    Try loading font information for OML+zplm on input line 2.
(/usr/share/texmf/tex/latex/psnfss/omlzplm.fd
File: omlzplm.fd 2002/09/08 Fontinst v1.914 font definitions for OML/zplm.
)
LaTeX Font Info:    Try loading font information for OMS+zplm on input line 2.
(/usr/share/texmf/tex/latex/psnfss/omszplm.fd
File: omszplm.fd 2002/09/08 Fontinst v1.914 font definitions for OMS/zplm.
)
LaTeX Font Info:    Try loading font information for OMX+zplm on input line 2.
(/usr/share/texmf/tex/latex/psnfss/omxzplm.fd
File: omxzplm.fd 2002/09/08 Fontinst v1.914 font definitions for OMX/zplm.
)
LaTeX Font Info:    Font shape `U/msa/m/n' will be
(Font)              scaled to size 10.42007pt on input line 2.
LaTeX Font Info:    Font shape `U/msa/m/n' will be
(Font)              scaled to size 7.91925pt on input line 2.
LaTeX Font Info:    Font shape `U/msa/m/n' will be
(Font)              scaled to size 6.25204pt on input line 2.
LaTeX Font Info:    Font shape `U/msb/m/n' will be
(Font)              scaled to size 10.42007pt on input line 2.
LaTeX Font Info:    Font shape `U/msb/m/n' will be
(Font)              scaled to size 7.91925pt on input line 2.
LaTeX Font Info:    Font shape `U/msb/m/n' will be
(Font)              scaled to size 6.25204pt on input line 2.
LaTeX Font Info:    Try loading font information for OT1+zplm on input line 2.
(/usr/share/texmf/tex/latex/psnfss/ot1zplm.fd
File: ot1zplm.fd 2002/09/08 Fontinst v1.914 font definitions for OT1/zplm.
)

LaTeX Font Warning: Font shape `OT1/cmss/m/it' in size <10> not available
(Font)              Font shape `OT1/cmss/m/sl' tried instead on input line 108.



Overfull \vbox (413.18459pt too high) has occurred while \output is active []

[1{/usr/share/texmf/fonts/map/pdftex/updmap/pdftex.map}

])
\tf@toc=\write5
\openout5 = `notes.toc'.

[2]

Package hyperref Warning: Option `colorlinks' has already been used,
(hyperref)                setting the option has no effect on input line 120.


LaTeX Font Warning: Font shape `OT1/cmss/bx/n' in size <46> not available
(Font)              size <24.88> substituted on input line 122.

LaTeX Font Info:    Calculating math sizes for size <46> on input line 122.
LaTeX Font Info:    Font shape `U/msa/m/n' will be
(Font)              scaled to size 47.93234pt on input line 122.
LaTeX Font Info:    Font shape `U/msa/m/n' will be
(Font)              scaled to size 36.42831pt on input line 122.
LaTeX Font Info:    Font shape `U/msa/m/n' will be
(Font)              scaled to size 28.75969pt on input line 122.
LaTeX Font Info:    Font shape `U/msb/m/n' will be
(Font)              scaled to size 47.93234pt on input line 122.
LaTeX Font Info:    Font shape `U/msb/m/n' will be
(Font)              scaled to size 36.42831pt on input line 122.
LaTeX Font Info:    Font shape `U/msb/m/n' will be
(Font)              scaled to size 28.75969pt on input line 122.
LaTeX Font Info:    Try loading font information for OMS+cmss on input line 128
.
LaTeX Font Info:    No file OMScmss.fd. on input line 128.

LaTeX Font Warning: Font shape `OMS/cmss/m/n' undefined
(Font)              using `OMS/cmsy/m/n' instead
(Font)              for symbol `textbullet' on input line 128.


! Package tikz Error: Unknown shape ``rounded rectangle.'' Using ``rectangle'' 
instead.

See the tikz package documentation for explanation.
Type  H <return>  for immediate help.
 ...                                              
                                                  
l.138 \subsection{History}
                          
This error message was generated by an \errmessage
command, so I can't give any explicit help.
Pretend that you're Hercule Poirot: Examine all clues,
and deduce the truth by order and method.

[3]

! Package tikz Error: Unknown shape ``rounded rectangle.'' Using ``rectangle'' 
instead.

See the tikz package documentation for explanation.
Type  H <return>  for immediate help.
 ...                                              
                                                  
l.164 \subsection{Approaches}
                             
(That was another \errmessage.)


LaTeX Font Warning: Font shape `OT1/cmss/m/n' in size <13> not available
(Font)              size <12> substituted on input line 166.


LaTeX Font Warning: Font shape `OT1/cmss/bx/n' in size <13> not available
(Font)              size <12> substituted on input line 166.


Underfull \hbox (badness 10000) detected at line 171
[][]\OT1/cmss/bx/n/10 Advantages[] []
 []


Underfull \hbox (badness 10000) detected at line 173
[][]\OT1/cmss/bx/n/10 Disadvantages[] []
 []


Underfull \hbox (badness 10000) detected at line 180
[][]\OT1/cmss/bx/n/10 Advantages[] []
 []


Underfull \hbox (badness 10000) detected at line 183
[][]\OT1/cmss/bx/n/10 Disadvantages[] []
 []


Underfull \hbox (badness 10000) detected at line 188
[][]\OT1/cmss/bx/n/10 Advantages[] []
 []


Underfull \hbox (badness 10000) detected at line 189
[][]\OT1/cmss/bx/n/10 Disadvantages[] []
 []


! Package tikz Error: Unknown shape ``rounded rectangle.'' Using ``rectangle'' 
instead.

See the tikz package documentation for explanation.
Type  H <return>  for immediate help.
 ...                                              
                                                  
l.200 ...verview of galaxies and galaxy formation}
                                                  
(That was another \errmessage.)

[4] [5]
LaTeX Font Info:    Calculating math sizes for size <7.6> on input line 284.
LaTeX Font Info:    Font shape `U/msa/m/n' will be
(Font)              scaled to size 6.01859pt on input line 284.
LaTeX Font Info:    Font shape `U/msa/m/n' will be
(Font)              scaled to size 4.75159pt on input line 284.
LaTeX Font Info:    Font shape `U/msb/m/n' will be
(Font)              scaled to size 6.01859pt on input line 284.
LaTeX Font Info:    Font shape `U/msb/m/n' will be
(Font)              scaled to size 4.75159pt on input line 284.
LaTeX Font Info:    Font shape `U/msa/m/n' will be
(Font)              scaled to size 8.33606pt on input line 288.
LaTeX Font Info:    Font shape `U/msa/m/n' will be
(Font)              scaled to size 5.21004pt on input line 288.
LaTeX Font Info:    Font shape `U/msb/m/n' will be
(Font)              scaled to size 8.33606pt on input line 288.
LaTeX Font Info:    Font shape `U/msb/m/n' will be
(Font)              scaled to size 5.21004pt on input line 288.
[6]

! Package tikz Error: Unknown shape ``rounded rectangle.'' Using ``rectangle'' 
instead.

See the tikz package documentation for explanation.
Type  H <return>  for immediate help.
 ...                                              
                                                  
l.364 \subsection{Toy example}
                              
(That was another \errmessage.)

[7]

! Package tikz Error: Unknown shape ``rounded rectangle.'' Using ``rectangle'' 
instead.

See the tikz package documentation for explanation.
Type  H <return>  for immediate help.
 ...                                              
                                                  
l.403 \subsection{Questions}
                            
(That was another \errmessage.)

[8]

! Package tikz Error: Unknown shape ``rounded rectangle.'' Using ``rectangle'' 
instead.

See the tikz package documentation for explanation.
Type  H <return>  for immediate help.
 ...                                              
                                                  
l.431 \subsection{Imaging}
                          
(That was another \errmessage.)

LaTeX Font Info:    Try loading font information for U+mvs on input line 446.
(/usr/share/texmf/tex/latex/marvosym/umvs.fd)
Underfull \hbox (badness 10000) detected at line 463
[][]\OT1/cmss/bx/n/10 Spiral[] []
 []


Underfull \hbox (badness 6428) detected at line 465
[][]\OT1/cmss/bx/n/10 Elliptical[] []
 []

[9]
Underfull \hbox (badness 5490) detected at line 481
[][]\OT1/cmss/bx/n/10 seeing:[] []
 []


Underfull \hbox (badness 10000) detected at line 501
[][]\OT1/cmss/bx/n/10 Spiral[] []
 []


Underfull \hbox (badness 6428) detected at line 502
[][]\OT1/cmss/bx/n/10 Elliptical[] []
 []

[10]
! Missing $ inserted.
<inserted text> 
                $
l.550 
      
I've inserted a begin-math/end-math symbol since I think
you left one out. Proceed, with fingers crossed.

! Display math should end with $$.
<to be read again> 
                   \par 
l.550 
      
The `$' that I just saw supposedly matches a previous `$$'.
So I shall assume that you typed `$$' both times.


! LaTeX Error: \mathrm allowed only in math mode.

See the LaTeX manual or LaTeX Companion for explanation.
Type  H <return>  for immediate help.
 ...                                              
                                                  
l.551     \quad \mathrm
                       {[erg cm^{-2} s^{-1} sterradian^{-1}]}
You're in trouble here.  Try typing  <return>  to proceed.
If that doesn't work, type  X <return>  to quit.

! Missing $ inserted.
<inserted text> 
                $
l.551     \quad \mathrm{[erg cm^
                                {-2} s^{-1} sterradian^{-1}]}
I've inserted a begin-math/end-math symbol since I think
you left one out. Proceed, with fingers crossed.

! Extra }, or forgotten $.
l.551 ...hrm{[erg cm^{-2} s^{-1} sterradian^{-1}]}
                                                  
I've deleted a group-closing symbol because it seems to be
spurious, as in `$x}$'. But perhaps the } is legitimate and
you forgot something else, as in `\hbox{$x}'. In such cases
the way to recover is to insert both the forgotten and the
deleted material, e.g., by typing `I$}'.

! Missing $ inserted.
<inserted text> 
                $
l.552     \]
            
I've inserted something that you may have forgotten.
(See the <inserted text> above.)
With luck, this will get me unwedged. But if you
really didn't forget anything, try typing `2' now; then
my insertion and my current dilemma will both disappear.

! Missing } inserted.
<inserted text> 
                }
l.552     \]
            
I've inserted something that you may have forgotten.
(See the <inserted text> above.)
With luck, this will get me unwedged. But if you
really didn't forget anything, try typing `2' now; then
my insertion and my current dilemma will both disappear.

[11] [12]

! Package tikz Error: Unknown shape ``rounded rectangle.'' Using ``rectangle'' 
instead.

See the tikz package documentation for explanation.
Type  H <return>  for immediate help.
 ...                                              
                                                  
l.672 \subsection{Spectroscopy}
                               
(That was another \errmessage.)

[13] [14]

! Package tikz Error: Unknown shape ``rounded rectangle.'' Using ``rectangle'' 
instead.

See the tikz package documentation for explanation.
Type  H <return>  for immediate help.
 ...                                              
                                                  
l.834 \subsection{Distances to galaxies}
                                        
(That was another \errmessage.)

[15] [16]
Overfull \hbox (9.79327pt too wide) in paragraph at lines 928--935
\OT1/cmss/m/n/10 Determining red-shift spec-tro-scop-i-cally for dis-tant (fain
t) galax-ies is ob-ser-va-tion-ally time-consuming.
 []


! Package tikz Error: Unknown shape ``rounded rectangle.'' Using ``rectangle'' 
instead.

See the tikz package documentation for explanation.
Type  H <return>  for immediate help.
 ...                                              
                                                  
l.954 \subsection{Morphological classification}
                                               
(That was another \errmessage.)

[17] [18]
Overfull \hbox (5.18925pt too wide) in paragraph at lines 1072--1078
[]\OT1/cmss/m/n/10 Typical SB may be lower for lat-est types, even with-out in-
clu-sion of LSB galax-ies; CSB[](?????)[]
 []

[19]

! Package tikz Error: Unknown shape ``rounded rectangle.'' Using ``rectangle'' 
instead.

See the tikz package documentation for explanation.
Type  H <return>  for immediate help.
 ...                                              
                                                  
l.1131 \subsection{Galaxy catalogs/resources}
                                             
(That was another \errmessage.)

[20] [21]

! Package tikz Error: Unknown shape ``rounded rectangle.'' Using ``rectangle'' 
instead.

See the tikz package documentation for explanation.
Type  H <return>  for immediate help.
 ...                                              
                                                  
l.1175 ...tion{Statistical properties of galaxies}
                                                  
(That was another \errmessage.)

[22] [23] [24] [25]

! Package tikz Error: Unknown shape ``rounded rectangle.'' Using ``rectangle'' 
instead.

See the tikz package documentation for explanation.
Type  H <return>  for immediate help.
 ...                                              
                                                  
l.1358 \subsection{Elliptical/Spheriodal galaxies}
                                                  
(That was another \errmessage.)

[26] [27]
Overfull \hbox (6.81863pt too wide) in paragraph at lines 1480--1481
\OT1/cmss/m/n/10 Good di-a-gram show-ing the dif-fer-ence: [][]$\OT1/cmtt/m/n/1
0 http : / / astronomy . nmsu . edu / holtz / a555 / resources /
 []

[28] [29] [30] [31]

! Package tikz Error: Unknown shape ``rounded rectangle.'' Using ``rectangle'' 
instead.

See the tikz package documentation for explanation.
Type  H <return>  for immediate help.
 ...                                              
                                                  
l.1735 \subsection{Spiral/Disk galaxies}
                                        
(That was another \errmessage.)


Overfull \hbox (1.84874pt too wide) in paragraph at lines 1762--1765
\OT1/cmss/m/n/10 There ap-pears to be some cor-re-la-tion be-tween bulge scale 
length and disk scale length (Macarthur,
 []

[32] [33] [34]
Overfull \hbox (4.74881pt too wide) in paragraph at lines 1884--1895
\OT1/cmss/m/n/10 Kinematics and lu-mi-nos-ity are re-lated by the \OT1/cmss/m/s
l/10 Tully-Fisher re-la-tion \OT1/cmss/m/n/10 for spi-ral/disk galax-ies (Court
eau
 []

[35]

! Package tikz Error: Unknown shape ``rounded rectangle.'' Using ``rectangle'' 
instead.

See the tikz package documentation for explanation.
Type  H <return>  for immediate help.
 ...                                              
                                                  
l.1936 ...y: Galaxy parameter (scaling) relations}
                                                  
(That was another \errmessage.)

[36]

! Package tikz Error: Unknown shape ``rounded rectangle.'' Using ``rectangle'' 
instead.

See the tikz package documentation for explanation.
Type  H <return>  for immediate help.
 ...                                              
                                                  
l.1979 ...galaxies: clusters and cluster galaxies}
                                                  
(That was another \errmessage.)

[37]

! Package tikz Error: Unknown shape ``rounded rectangle.'' Using ``rectangle'' 
instead.

See the tikz package documentation for explanation.
Type  H <return>  for immediate help.
 ...                                              
                                                  
l.2050 ...ction{Some galaxies to be familiar with}
                                                  
(That was another \errmessage.)

[38]

LaTeX Font Warning: Font shape `OT1/cmss/m/n' in size <20> not available
(Font)              size <20.74> substituted on input line 2062.


LaTeX Font Warning: Font shape `OT1/cmss/bx/n' in size <20> not available
(Font)              size <20.74> substituted on input line 2062.


Underfull \hbox (badness 1931) detected at line 2068
[][]\OT1/cmss/bx/n/10 Population characteristics:[] []
 []


Underfull \hbox (badness 10000) detected at line 2070
[][]\OT1/cmss/bx/n/10 Stellar SEDs[] []
 []


! Package tikz Error: Unknown shape ``rounded rectangle.'' Using ``rectangle'' 
instead.

See the tikz package documentation for explanation.
Type  H <return>  for immediate help.
 ...                                              
                                                  
l.2075 \subsection{Review: stellar evolution}
                                             
(That was another \errmessage.)

[39]
Overfull \hbox (16.6115pt too wide) in paragraph at lines 2148--2154
[]\OT1/cmss/m/n/10 Theoretical Color-Magnitude Di-a-grams (CMDs) $\OMS/zplm/m/n
/10 !$ \OT1/cmss/m/n/10 ob-served; need dis-tance and red-den-ing/extinction
 []

[40] [41]

! Package tikz Error: Unknown shape ``rounded rectangle.'' Using ``rectangle'' 
instead.

See the tikz package documentation for explanation.
Type  H <return>  for immediate help.
 ...                                              
                                                  
l.2263 ...pulations and the Initial Mass Function}
                                                  
(That was another \errmessage.)

[42]

! Package tikz Error: Unknown shape ``rounded rectangle.'' Using ``rectangle'' 
instead.

See the tikz package documentation for explanation.
Type  H <return>  for immediate help.
 ...                                              
                                                  
l.2295 \subsection{Resolved stellar populations}
                                                
(That was another \errmessage.)

[43]
Overfull \hbox (11.15326pt too wide) in paragraph at lines 2337--2342
[]\OT1/cmss/m/n/10 Historically, dis-tinc-tion be-tween disk stars/open clus-te
rs (pop-u-la-tion I) and halo stars/globular
 []

[44]

! Package tikz Error: Unknown shape ``rounded rectangle.'' Using ``rectangle'' 
instead.

See the tikz package documentation for explanation.
Type  H <return>  for immediate help.
 ...                                              
                                                  
l.2380 \subsection{Unresolved stellar populations}
                                                  
(That was another \errmessage.)

[45] [46]

LaTeX Font Warning: Font shape `OT1/cmss/bx/it' undefined
(Font)              using `OT1/cmss/bx/n' instead on input line 2480.

[47] [48]

! Package tikz Error: Unknown shape ``rounded rectangle.'' Using ``rectangle'' 
instead.

See the tikz package documentation for explanation.
Type  H <return>  for immediate help.
 ...                                              
                                                  
l.2606 \subsection{Chemical evolution}
                                      
(That was another \errmessage.)

[49] [50] [51]

! Package tikz Error: Unknown shape ``rounded rectangle.'' Using ``rectangle'' 
instead.

See the tikz package documentation for explanation.
Type  H <return>  for immediate help.
 ...                                              
                                                  
l.2833 \subsection{Measuring stellar abundances}
                                                
(That was another \errmessage.)

[52]
LaTeX Font Info:    Try loading font information for OML+cmss on input line 283
6.
LaTeX Font Info:    No file OMLcmss.fd. on input line 2836.

LaTeX Font Warning: Font shape `OML/cmss/m/n' undefined
(Font)              using `OML/cmm/m/it' instead
(Font)              for symbol `textless' on input line 2836.

[53] [54]
Underfull \hbox (badness 10000) detected at line 2956
[][]\OT1/cmss/bx/n/10 molecular clouds[] []
 []


Underfull \hbox (badness 8132) detected at line 2959
[][]\OT1/cmss/bx/n/10 warm, ionized medium (WIM/DIG)[] []
 []


Underfull \hbox (badness 10000) detected at line 2961
[][]\OT1/cmss/bx/n/10 hot, ionized medium (HIM)[] []
 []


Underfull \hbox (badness 10000) detected at line 2962
[][]\OT1/cmss/bx/n/10 denser, ionized gas[] []
 []


! Package tikz Error: Unknown shape ``rounded rectangle.'' Using ``rectangle'' 
instead.

See the tikz package documentation for explanation.
Type  H <return>  for immediate help.
 ...                                              
                                                  
l.2975 ...on{Observing and characterizing the gas}
                                                  
(That was another \errmessage.)

[55]

! Package tikz Error: Unknown shape ``rounded rectangle.'' Using ``rectangle'' 
instead.

See the tikz package documentation for explanation.
Type  H <return>  for immediate help.
 ...                                              
                                                  
l.3031 \subsection{Heating and cooling}
                                       
(That was another \errmessage.)

[56]

! Package tikz Error: Unknown shape ``rounded rectangle.'' Using ``rectangle'' 
instead.

See the tikz package documentation for explanation.
Type  H <return>  for immediate help.
 ...                                              
                                                  
l.3049 ...ld gas: HI measurements with 21 cm line}
                                                  
(That was another \errmessage.)

[57]

! Package tikz Error: Unknown shape ``rounded rectangle.'' Using ``rectangle'' 
instead.

See the tikz package documentation for explanation.
Type  H <return>  for immediate help.
 ...                                              
                                                  
l.3094 \subsection{Molecular gas}
                                 
(That was another \errmessage.)


! Package tikz Error: Unknown shape ``rounded rectangle.'' Using ``rectangle'' 
instead.

See the tikz package documentation for explanation.
Type  H <return>  for immediate help.
 ...                                              
                                                  
l.3115 \subsection{Warm ionized gas}
                                    
(That was another \errmessage.)


! Package tikz Error: Unknown shape ``rounded rectangle.'' Using ``rectangle'' 
instead.

See the tikz package documentation for explanation.
Type  H <return>  for immediate help.
 ...                                              
                                                  
l.3126 \subsection{Hot gas}
                           
(That was another \errmessage.)

[58]

! Package tikz Error: Unknown shape ``rounded rectangle.'' Using ``rectangle'' 
instead.

See the tikz package documentation for explanation.
Type  H <return>  for immediate help.
 ...                                              
                                                  
l.3139 \subsection{Denser ionized gas}
                                      
(That was another \errmessage.)


! Package tikz Error: Unknown shape ``rounded rectangle.'' Using ``rectangle'' 
instead.

See the tikz package documentation for explanation.
Type  H <return>  for immediate help.
 ...                                              
                                                  
l.3143 ...mical evolution and abundances from gas}
                                                  
(That was another \errmessage.)


! Package tikz Error: Unknown shape ``rounded rectangle.'' Using ``rectangle'' 
instead.

See the tikz package documentation for explanation.
Type  H <return>  for immediate help.
 ...                                              
                                                  
l.3144 ...tion{Distribution of gas within spirals}
                                                  
(That was another \errmessage.)


! Package tikz Error: Unknown shape ``rounded rectangle.'' Using ``rectangle'' 
instead.

See the tikz package documentation for explanation.
Type  H <return>  for immediate help.
 ...                                              
                                                  
l.3151 \subsection{Gas as a kinematic tracer}
                                             
(That was another \errmessage.)


! Package tikz Error: Unknown shape ``rounded rectangle.'' Using ``rectangle'' 
instead.

See the tikz package documentation for explanation.
Type  H <return>  for immediate help.
 ...                                              
                                                  
l.3170 ...tion{Interactions between gas and stars}
                                                  
(That was another \errmessage.)

[59] [60] [61] [62]

! Package tikz Error: Unknown shape ``rounded rectangle.'' Using ``rectangle'' 
instead.

See the tikz package documentation for explanation.
Type  H <return>  for immediate help.
 ...                                              
                                                  
l.3315 \subsection{General importance of dust}
                                              
(That was another \errmessage.)


! Package tikz Error: Unknown shape ``rounded rectangle.'' Using ``rectangle'' 
instead.

See the tikz package documentation for explanation.
Type  H <return>  for immediate help.
 ...                                              
                                                  
l.3327 \subsection{Extinction}
                              
(That was another \errmessage.)

[63]

! Package tikz Error: Unknown shape ``rounded rectangle.'' Using ``rectangle'' 
instead.

See the tikz package documentation for explanation.
Type  H <return>  for immediate help.
 ...                                              
                                                  
l.3372 \subsection{Emission from dust}
                                      
(That was another \errmessage.)


! Package tikz Error: Unknown shape ``rounded rectangle.'' Using ``rectangle'' 
instead.

See the tikz package documentation for explanation.
Type  H <return>  for immediate help.
 ...                                              
                                                  
l.3389 \subsection{Composition}
                               
(That was another \errmessage.)

[64]

! Package tikz Error: Unknown shape ``rounded rectangle.'' Using ``rectangle'' 
instead.

See the tikz package documentation for explanation.
Type  H <return>  for immediate help.
 ...                                              
                                                  
l.3419 \subsection{Creation/destruction}
                                        
(That was another \errmessage.)

[65]

! Package tikz Error: Unknown shape ``rounded rectangle.'' Using ``rectangle'' 
instead.

See the tikz package documentation for explanation.
Type  H <return>  for immediate help.
 ...                                              
                                                  
l.3430 ...GN as indicators of central black holes}
                                                  
(That was another \errmessage.)

[66]

! Package tikz Error: Unknown shape ``rounded rectangle.'' Using ``rectangle'' 
instead.

See the tikz package documentation for explanation.
Type  H <return>  for immediate help.
 ...                                              
                                                  
l.3493 ...tion{Black holes in non-active galaxies}
                                                  
(That was another \errmessage.)


! Package tikz Error: Unknown shape ``rounded rectangle.'' Using ``rectangle'' 
instead.

See the tikz package documentation for explanation.
Type  H <return>  for immediate help.
 ...                                              
                                                  
l.3515 \subsection{Measuring black hole masses}
                                               
(That was another \errmessage.)

[67]

! Package tikz Error: Unknown shape ``rounded rectangle.'' Using ``rectangle'' 
instead.

See the tikz package documentation for explanation.
Type  H <return>  for immediate help.
 ...                                              
                                                  
l.3528 ...ction{Importance of central black holes}
                                                  
(That was another \errmessage.)

[68] [69]

! Package tikz Error: Unknown shape ``rounded rectangle.'' Using ``rectangle'' 
instead.

See the tikz package documentation for explanation.
Type  H <return>  for immediate help.
 ...                                              
                                                  
l.3545 ...Observations of dark matter in galaxies}
                                                  
(That was another \errmessage.)

[70] [71]

! Package tikz Error: Unknown shape ``rounded rectangle.'' Using ``rectangle'' 
instead.

See the tikz package documentation for explanation.
Type  H <return>  for immediate help.
 ...                                              
                                                  
l.3685 \subsection{Total masses of galaxies}
                                            
(That was another \errmessage.)


! Package tikz Error: Unknown shape ``rounded rectangle.'' Using ``rectangle'' 
instead.

See the tikz package documentation for explanation.
Type  H <return>  for immediate help.
 ...                                              
                                                  
l.3686 \subsection{Halo abundance matching}
                                           
(That was another \errmessage.)

[72] [73] (./notes.aux)

LaTeX Font Warning: Size substitutions with differences
(Font)              up to 21.12pt have occurred.


LaTeX Font Warning: Some font shapes were not available, defaults substituted.


LaTeX Warning: Label(s) may have changed. Rerun to get cross-references right.

 ) 
Here is how much of TeX's memory you used:
 8960 strings out of 256214
 133697 string characters out of 1916999
 304059 words of memory out of 1500000
 11705 multiletter control sequences out of 10000+200000
 42059 words of font info for 129 fonts, out of 1200000 for 2000
 645 hyphenation exceptions out of 8191
 45i,10n,61p,402b,655s stack positions out of 5000i,500n,6000p,200000b,15000s
pdfTeX warning (dest): name{Hfootnote.61} has been referenced but does not ex
ist, replaced by a fixed one

pdfTeX warning (dest): name{Hfootnote.60} has been referenced but does not exis
t, replaced by a fixed one

pdfTeX warning (dest): name{Hfootnote.59} has been referenced but does not exis
t, replaced by a fixed one

pdfTeX warning (dest): name{Hfootnote.58} has been referenced but does not exis
t, replaced by a fixed one

pdfTeX warning (dest): name{Hfootnote.57} has been referenced but does not exis
t, replaced by a fixed one

pdfTeX warning (dest): name{Hfootnote.56} has been referenced but does not exis
t, replaced by a fixed one

pdfTeX warning (dest): name{Hfootnote.55} has been referenced but does not exis
t, replaced by a fixed one

pdfTeX warning (dest): name{Hfootnote.54} has been referenced but does not exis
t, replaced by a fixed one

pdfTeX warning (dest): name{Hfootnote.53} has been referenced but does not exis
t, replaced by a fixed one

pdfTeX warning (dest): name{Hfootnote.52} has been referenced but does not exis
t, replaced by a fixed one

pdfTeX warning (dest): name{Hfootnote.51} has been referenced but does not exis
t, replaced by a fixed one

pdfTeX warning (dest): name{Hfootnote.50} has been referenced but does not exis
t, replaced by a fixed one

pdfTeX warning (dest): name{Hfootnote.49} has been referenced but does not exis
t, replaced by a fixed one

pdfTeX warning (dest): name{Hfootnote.48} has been referenced but does not exis
t, replaced by a fixed one

pdfTeX warning (dest): name{Hfootnote.47} has been referenced but does not exis
t, replaced by a fixed one

pdfTeX warning (dest): name{Hfootnote.46} has been referenced but does not exis
t, replaced by a fixed one

pdfTeX warning (dest): name{Hfootnote.45} has been referenced but does not exis
t, replaced by a fixed one

pdfTeX warning (dest): name{Hfootnote.44} has been referenced but does not exis
t, replaced by a fixed one

pdfTeX warning (dest): name{Hfootnote.43} has been referenced but does not exis
t, replaced by a fixed one

pdfTeX warning (dest): name{Hfootnote.42} has been referenced but does not exis
t, replaced by a fixed one

pdfTeX warning (dest): name{Hfootnote.41} has been referenced but does not exis
t, replaced by a fixed one

pdfTeX warning (dest): name{Hfootnote.40} has been referenced but does not exis
t, replaced by a fixed one

pdfTeX warning (dest): name{Hfootnote.39} has been referenced but does not exis
t, replaced by a fixed one

pdfTeX warning (dest): name{Hfootnote.38} has been referenced but does not exis
t, replaced by a fixed one

pdfTeX warning (dest): name{Hfootnote.37} has been referenced but does not exis
t, replaced by a fixed one

pdfTeX warning (dest): name{Hfootnote.36} has been referenced but does not exis
t, replaced by a fixed one

pdfTeX warning (dest): name{Hfootnote.35} has been referenced but does not exis
t, replaced by a fixed one

pdfTeX warning (dest): name{Hfootnote.34} has been referenced but does not exis
t, replaced by a fixed one

pdfTeX warning (dest): name{Hfootnote.33} has been referenced but does not exis
t, replaced by a fixed one

pdfTeX warning (dest): name{Hfootnote.32} has been referenced but does not exis
t, replaced by a fixed one

pdfTeX warning (dest): name{Hfootnote.31} has been referenced but does not exis
t, replaced by a fixed one

pdfTeX warning (dest): name{Hfootnote.30} has been referenced but does not exis
t, replaced by a fixed one

pdfTeX warning (dest): name{Hfootnote.29} has been referenced but does not exis
t, replaced by a fixed one

pdfTeX warning (dest): name{Hfootnote.28} has been referenced but does not exis
t, replaced by a fixed one

pdfTeX warning (dest): name{Hfootnote.27} has been referenced but does not exis
t, replaced by a fixed one

pdfTeX warning (dest): name{Hfootnote.26} has been referenced but does not exis
t, replaced by a fixed one

pdfTeX warning (dest): name{Hfootnote.25} has been referenced but does not exis
t, replaced by a fixed one

pdfTeX warning (dest): name{Hfootnote.24} has been referenced but does not exis
t, replaced by a fixed one

pdfTeX warning (dest): name{Hfootnote.23} has been referenced but does not exis
t, replaced by a fixed one

pdfTeX warning (dest): name{Hfootnote.22} has been referenced but does not exis
t, replaced by a fixed one

pdfTeX warning (dest): name{Hfootnote.21} has been referenced but does not exis
t, replaced by a fixed one

pdfTeX warning (dest): name{Hfootnote.20} has been referenced but does not exis
t, replaced by a fixed one

pdfTeX warning (dest): name{Hfootnote.19} has been referenced but does not exis
t, replaced by a fixed one

pdfTeX warning (dest): name{Hfootnote.18} has been referenced but does not exis
t, replaced by a fixed one

pdfTeX warning (dest): name{Hfootnote.17} has been referenced but does not exis
t, replaced by a fixed one

pdfTeX warning (dest): name{Hfootnote.16} has been referenced but does not exis
t, replaced by a fixed one

pdfTeX warning (dest): name{Hfootnote.15} has been referenced but does not exis
t, replaced by a fixed one

pdfTeX warning (dest): name{Hfootnote.14} has been referenced but does not exis
t, replaced by a fixed one

pdfTeX warning (dest): name{Hfootnote.13} has been referenced but does not exis
t, replaced by a fixed one

pdfTeX warning (dest): name{Hfootnote.12} has been referenced but does not exis
t, replaced by a fixed one

pdfTeX warning (dest): name{Hfootnote.11} has been referenced but does not exis
t, replaced by a fixed one

pdfTeX warning (dest): name{Hfootnote.10} has been referenced but does not exis
t, replaced by a fixed one

pdfTeX warning (dest): name{Hfootnote.9} has been referenced but does not exist
, replaced by a fixed one

pdfTeX warning (dest): name{UNDEFINED} has been referenced but does not exist, 
replaced by a fixed one

pdfTeX warning (dest): name{Hfootnote.8} has been referenced but does not exist
, replaced by a fixed one

pdfTeX warning (dest): name{Hfootnote.7} has been referenced but does not exist
, replaced by a fixed one

pdfTeX warning (dest): name{Hfootnote.6} has been referenced but does not exist
, replaced by a fixed one

pdfTeX warning (dest): name{Hfootnote.5} has been referenced but does not exist
, replaced by a fixed one

pdfTeX warning (dest): name{Hfootnote.4} has been referenced but does not exist
, replaced by a fixed one

pdfTeX warning (dest): name{Hfootnote.3} has been referenced but does not exist
, replaced by a fixed one

pdfTeX warning (dest): name{Hfootnote.2} has been referenced but does not exist
, replaced by a fixed one

pdfTeX warning (dest): name{Hfootnote.1} has been referenced but does not exist
, replaced by a fixed one

{/usr/share/texmf/fonts/enc/dvips/base/8r.enc}</usr/share/texmf/fonts/type1/blu
esky/cm/cmex10.pfb></usr/share/texmf/fonts/type1/bluesky/cm/cmmi10.pfb></usr/sh
are/texmf/fonts/type1/bluesky/cm/cmr10.pfb></usr/share/texmf/fonts/type1/bluesk
y/cm/cmss10.pfb></usr/share/texmf/fonts/type1/bluesky/cm/cmss8.pfb></usr/share/
texmf/fonts/type1/bluesky/cm/cmssbx10.pfb></usr/share/texmf/fonts/type1/bluesky
/cm/cmssi10.pfb></usr/share/texmf/fonts/type1/bluesky/cm/cmsy10.pfb></usr/share
/texmf/fonts/type1/bluesky/cm/cmtt10.pfb></usr/share/texmf/fonts/type1/bluesky/
cm/cmtt8.pfb></usr/share/texmf/fonts/type1/public/mathpazo/fplmr.pfb></usr/shar
e/texmf/fonts/type1/public/mathpazo/fplmri.pfb></usr/share/texmf/fonts/type1/pu
blic/marvosym/marvosym.pfb></usr/share/texmf/fonts/type1/bluesky/ams/msam10.pfb
></usr/share/texmf/fonts/type1/urw/palatino/uplr8a.pfb></usr/share/texmf/fonts/
type1/urw/palatino/uplri8a.pfb>
Output written on notes.pdf (73 pages, 459950 bytes).
PDF statistics:
 1230 PDF objects out of 1440 (max. 8388607)
 268 named destinations out of 1000 (max. 131072)
 889 words of extra memory for PDF output out of 10000 (max. 10000000)

